[08-02 21:55:27]: [INFO] Created column 'regdate' and set the current timestamp, 1596398127521, to all 0 rows
[08-02 21:55:27]: [INFO] SQLite Setup finished
[08-02 21:55:27]: [INFO] No supported permissions system found! Permissions are disabled!
[08-02 21:55:28]: [WARN] WARNING! The protectInventory feature requires ProtocolLib! Disabling it...
[08-02 21:55:28]: [INFO] AuthMe 5.6.0-beta1 build n.2226 correctly enabled!
[08-02 21:55:32]: [INFO] Downloading GEO IP database, because the old database is older than 30 days or doesn't exist
[08-02 21:55:32]: [WARN] Could not download GeoLiteAPI database [UnknownHostException]: geolite.maxmind.com
[08-02 21:55:32]: java.net.UnknownHostException: geolite.maxmind.com
	at java.net.AbstractPlainSocketImpl.connect(Unknown Source)
	at java.net.PlainSocketImpl.connect(Unknown Source)
	at java.net.SocksSocketImpl.connect(Unknown Source)
	at java.net.Socket.connect(Unknown Source)
	at sun.security.ssl.SSLSocketImpl.connect(Unknown Source)
	at sun.security.ssl.BaseSSLSocketImpl.connect(Unknown Source)
	at sun.net.NetworkClient.doConnect(Unknown Source)
	at sun.net.www.http.HttpClient.openServer(Unknown Source)
	at sun.net.www.http.HttpClient.openServer(Unknown Source)
	at sun.net.www.protocol.https.HttpsClient.<init>(Unknown Source)
	at sun.net.www.protocol.https.HttpsClient.New(Unknown Source)
	at sun.net.www.protocol.https.AbstractDelegateHttpsURLConnection.getNewHttpClient(Unknown Source)
	at sun.net.www.protocol.http.HttpURLConnection.plainConnect0(Unknown Source)
	at sun.net.www.protocol.http.HttpURLConnection.plainConnect(Unknown Source)
	at sun.net.www.protocol.https.AbstractDelegateHttpsURLConnection.connect(Unknown Source)
	at sun.net.www.protocol.http.HttpURLConnection.getInputStream0(Unknown Source)
	at sun.net.www.protocol.http.HttpURLConnection.getInputStream(Unknown Source)
	at java.net.HttpURLConnection.getResponseCode(Unknown Source)
	at sun.net.www.protocol.https.HttpsURLConnectionImpl.getResponseCode(Unknown Source)
	at fr.xephi.authme.service.GeoIpService.downloadDatabaseArchive(GeoIpService.java:191)
	at fr.xephi.authme.service.GeoIpService.downloadDatabaseArchive(GeoIpService.java:214)
	at fr.xephi.authme.service.GeoIpService.updateDatabase(GeoIpService.java:140)
	at org.bukkit.craftbukkit.v1_12_R1.scheduler.CraftTask.run(CraftTask.java:64)
	at org.bukkit.craftbukkit.v1_12_R1.scheduler.CraftAsyncTask.run(CraftAsyncTask.java:50)
	at com.destroystokyo.paper.ServerSchedulerReportingWrapper.run(ServerSchedulerReportingWrapper.java:22)
	at java.util.concurrent.ThreadPoolExecutor.runWorker(Unknown Source)
	at java.util.concurrent.ThreadPoolExecutor$Worker.run(Unknown Source)
	at java.lang.Thread.run(Unknown Source)

[08-02 21:57:24]: [INFO] AuthMe 5.6.0-beta1-b2226 disabled!
[08-02 22:09:46]: [INFO] SQLite Setup finished
[08-02 22:09:47]: [INFO] No supported permissions system found! Permissions are disabled!
[08-02 22:09:47]: [WARN] WARNING! The protectInventory feature requires ProtocolLib! Disabling it...
[08-02 22:09:47]: [INFO] AuthMe 5.6.0-beta1 build n.2226 correctly enabled!
[08-02 22:09:53]: [INFO] Downloading GEO IP database, because the old database is older than 30 days or doesn't exist
[08-02 22:09:53]: [WARN] Could not download GeoLiteAPI database [UnknownHostException]: geolite.maxmind.com
[08-02 22:09:53]: java.net.UnknownHostException: geolite.maxmind.com
	at java.net.AbstractPlainSocketImpl.connect(Unknown Source)
	at java.net.PlainSocketImpl.connect(Unknown Source)
	at java.net.SocksSocketImpl.connect(Unknown Source)
	at java.net.Socket.connect(Unknown Source)
	at sun.security.ssl.SSLSocketImpl.connect(Unknown Source)
	at sun.security.ssl.BaseSSLSocketImpl.connect(Unknown Source)
	at sun.net.NetworkClient.doConnect(Unknown Source)
	at sun.net.www.http.HttpClient.openServer(Unknown Source)
	at sun.net.www.http.HttpClient.openServer(Unknown Source)
	at sun.net.www.protocol.https.HttpsClient.<init>(Unknown Source)
	at sun.net.www.protocol.https.HttpsClient.New(Unknown Source)
	at sun.net.www.protocol.https.AbstractDelegateHttpsURLConnection.getNewHttpClient(Unknown Source)
	at sun.net.www.protocol.http.HttpURLConnection.plainConnect0(Unknown Source)
	at sun.net.www.protocol.http.HttpURLConnection.plainConnect(Unknown Source)
	at sun.net.www.protocol.https.AbstractDelegateHttpsURLConnection.connect(Unknown Source)
	at sun.net.www.protocol.http.HttpURLConnection.getInputStream0(Unknown Source)
	at sun.net.www.protocol.http.HttpURLConnection.getInputStream(Unknown Source)
	at java.net.HttpURLConnection.getResponseCode(Unknown Source)
	at sun.net.www.protocol.https.HttpsURLConnectionImpl.getResponseCode(Unknown Source)
	at fr.xephi.authme.service.GeoIpService.downloadDatabaseArchive(GeoIpService.java:191)
	at fr.xephi.authme.service.GeoIpService.downloadDatabaseArchive(GeoIpService.java:214)
	at fr.xephi.authme.service.GeoIpService.updateDatabase(GeoIpService.java:140)
	at org.bukkit.craftbukkit.v1_12_R1.scheduler.CraftTask.run(CraftTask.java:64)
	at org.bukkit.craftbukkit.v1_12_R1.scheduler.CraftAsyncTask.run(CraftAsyncTask.java:50)
	at com.destroystokyo.paper.ServerSchedulerReportingWrapper.run(ServerSchedulerReportingWrapper.java:22)
	at java.util.concurrent.ThreadPoolExecutor.runWorker(Unknown Source)
	at java.util.concurrent.ThreadPoolExecutor$Worker.run(Unknown Source)
	at java.lang.Thread.run(Unknown Source)

[08-02 22:11:04]: [INFO] AuthMe 5.6.0-beta1-b2226 disabled!
[08-02 22:15:53]: [INFO] SQLite Setup finished
[08-02 22:15:53]: [INFO] No supported permissions system found! Permissions are disabled!
[08-02 22:15:53]: [WARN] WARNING! The protectInventory feature requires ProtocolLib! Disabling it...
[08-02 22:15:54]: [INFO] AuthMe 5.6.0-beta1 build n.2226 correctly enabled!
[08-02 22:15:59]: [INFO] Downloading GEO IP database, because the old database is older than 30 days or doesn't exist
[08-02 22:15:59]: [WARN] Could not download GeoLiteAPI database [UnknownHostException]: geolite.maxmind.com
[08-02 22:15:59]: java.net.UnknownHostException: geolite.maxmind.com
	at java.net.AbstractPlainSocketImpl.connect(Unknown Source)
	at java.net.PlainSocketImpl.connect(Unknown Source)
	at java.net.SocksSocketImpl.connect(Unknown Source)
	at java.net.Socket.connect(Unknown Source)
	at sun.security.ssl.SSLSocketImpl.connect(Unknown Source)
	at sun.security.ssl.BaseSSLSocketImpl.connect(Unknown Source)
	at sun.net.NetworkClient.doConnect(Unknown Source)
	at sun.net.www.http.HttpClient.openServer(Unknown Source)
	at sun.net.www.http.HttpClient.openServer(Unknown Source)
	at sun.net.www.protocol.https.HttpsClient.<init>(Unknown Source)
	at sun.net.www.protocol.https.HttpsClient.New(Unknown Source)
	at sun.net.www.protocol.https.AbstractDelegateHttpsURLConnection.getNewHttpClient(Unknown Source)
	at sun.net.www.protocol.http.HttpURLConnection.plainConnect0(Unknown Source)
	at sun.net.www.protocol.http.HttpURLConnection.plainConnect(Unknown Source)
	at sun.net.www.protocol.https.AbstractDelegateHttpsURLConnection.connect(Unknown Source)
	at sun.net.www.protocol.http.HttpURLConnection.getInputStream0(Unknown Source)
	at sun.net.www.protocol.http.HttpURLConnection.getInputStream(Unknown Source)
	at java.net.HttpURLConnection.getResponseCode(Unknown Source)
	at sun.net.www.protocol.https.HttpsURLConnectionImpl.getResponseCode(Unknown Source)
	at fr.xephi.authme.service.GeoIpService.downloadDatabaseArchive(GeoIpService.java:191)
	at fr.xephi.authme.service.GeoIpService.downloadDatabaseArchive(GeoIpService.java:214)
	at fr.xephi.authme.service.GeoIpService.updateDatabase(GeoIpService.java:140)
	at org.bukkit.craftbukkit.v1_12_R1.scheduler.CraftTask.run(CraftTask.java:64)
	at org.bukkit.craftbukkit.v1_12_R1.scheduler.CraftAsyncTask.run(CraftAsyncTask.java:50)
	at com.destroystokyo.paper.ServerSchedulerReportingWrapper.run(ServerSchedulerReportingWrapper.java:22)
	at java.util.concurrent.ThreadPoolExecutor.runWorker(Unknown Source)
	at java.util.concurrent.ThreadPoolExecutor$Worker.run(Unknown Source)
	at java.lang.Thread.run(Unknown Source)

[08-02 22:19:23]: [INFO] AuthMe 5.6.0-beta1-b2226 disabled!
[08-02 22:24:16]: [INFO] SQLite Setup finished
[08-02 22:24:16]: [INFO] No supported permissions system found! Permissions are disabled!
[08-02 22:24:16]: [WARN] WARNING! The protectInventory feature requires ProtocolLib! Disabling it...
[08-02 22:24:17]: [INFO] AuthMe 5.6.0-beta1 build n.2226 correctly enabled!
[08-02 22:24:25]: [INFO] Downloading GEO IP database, because the old database is older than 30 days or doesn't exist
[08-02 22:24:25]: [WARN] Could not download GeoLiteAPI database [UnknownHostException]: geolite.maxmind.com
[08-02 22:24:25]: java.net.UnknownHostException: geolite.maxmind.com
	at java.net.AbstractPlainSocketImpl.connect(Unknown Source)
	at java.net.PlainSocketImpl.connect(Unknown Source)
	at java.net.SocksSocketImpl.connect(Unknown Source)
	at java.net.Socket.connect(Unknown Source)
	at sun.security.ssl.SSLSocketImpl.connect(Unknown Source)
	at sun.security.ssl.BaseSSLSocketImpl.connect(Unknown Source)
	at sun.net.NetworkClient.doConnect(Unknown Source)
	at sun.net.www.http.HttpClient.openServer(Unknown Source)
	at sun.net.www.http.HttpClient.openServer(Unknown Source)
	at sun.net.www.protocol.https.HttpsClient.<init>(Unknown Source)
	at sun.net.www.protocol.https.HttpsClient.New(Unknown Source)
	at sun.net.www.protocol.https.AbstractDelegateHttpsURLConnection.getNewHttpClient(Unknown Source)
	at sun.net.www.protocol.http.HttpURLConnection.plainConnect0(Unknown Source)
	at sun.net.www.protocol.http.HttpURLConnection.plainConnect(Unknown Source)
	at sun.net.www.protocol.https.AbstractDelegateHttpsURLConnection.connect(Unknown Source)
	at sun.net.www.protocol.http.HttpURLConnection.getInputStream0(Unknown Source)
	at sun.net.www.protocol.http.HttpURLConnection.getInputStream(Unknown Source)
	at java.net.HttpURLConnection.getResponseCode(Unknown Source)
	at sun.net.www.protocol.https.HttpsURLConnectionImpl.getResponseCode(Unknown Source)
	at fr.xephi.authme.service.GeoIpService.downloadDatabaseArchive(GeoIpService.java:191)
	at fr.xephi.authme.service.GeoIpService.downloadDatabaseArchive(GeoIpService.java:214)
	at fr.xephi.authme.service.GeoIpService.updateDatabase(GeoIpService.java:140)
	at org.bukkit.craftbukkit.v1_12_R1.scheduler.CraftTask.run(CraftTask.java:64)
	at org.bukkit.craftbukkit.v1_12_R1.scheduler.CraftAsyncTask.run(CraftAsyncTask.java:50)
	at com.destroystokyo.paper.ServerSchedulerReportingWrapper.run(ServerSchedulerReportingWrapper.java:22)
	at java.util.concurrent.ThreadPoolExecutor.runWorker(Unknown Source)
	at java.util.concurrent.ThreadPoolExecutor$Worker.run(Unknown Source)
	at java.lang.Thread.run(Unknown Source)

[08-02 22:41:58]: [FINE] UserNullified registered 127.0.0.1
[08-02 22:41:58]: [FINE] UserNullified logged in!
[08-02 22:45:25]: [FINE] UserNullified logged in!
[08-02 22:46:39]: [INFO] AuthMe 5.6.0-beta1-b2226 disabled!
[08-02 22:46:41]: [INFO] SQLite Setup finished
[08-02 22:46:41]: [INFO] No supported permissions system found! Permissions are disabled!
[08-02 22:46:41]: [WARN] WARNING! The protectInventory feature requires ProtocolLib! Disabling it...
[08-02 22:46:42]: [INFO] AuthMe 5.6.0-beta1 build n.2226 correctly enabled!
[08-02 22:46:43]: [INFO] Downloading GEO IP database, because the old database is older than 30 days or doesn't exist
[08-02 22:46:43]: [WARN] Could not download GeoLiteAPI database [UnknownHostException]: geolite.maxmind.com
[08-02 22:46:43]: java.net.UnknownHostException: geolite.maxmind.com
	at java.net.AbstractPlainSocketImpl.connect(Unknown Source)
	at java.net.PlainSocketImpl.connect(Unknown Source)
	at java.net.SocksSocketImpl.connect(Unknown Source)
	at java.net.Socket.connect(Unknown Source)
	at sun.security.ssl.SSLSocketImpl.connect(Unknown Source)
	at sun.security.ssl.BaseSSLSocketImpl.connect(Unknown Source)
	at sun.net.NetworkClient.doConnect(Unknown Source)
	at sun.net.www.http.HttpClient.openServer(Unknown Source)
	at sun.net.www.http.HttpClient.openServer(Unknown Source)
	at sun.net.www.protocol.https.HttpsClient.<init>(Unknown Source)
	at sun.net.www.protocol.https.HttpsClient.New(Unknown Source)
	at sun.net.www.protocol.https.AbstractDelegateHttpsURLConnection.getNewHttpClient(Unknown Source)
	at sun.net.www.protocol.http.HttpURLConnection.plainConnect0(Unknown Source)
	at sun.net.www.protocol.http.HttpURLConnection.plainConnect(Unknown Source)
	at sun.net.www.protocol.https.AbstractDelegateHttpsURLConnection.connect(Unknown Source)
	at sun.net.www.protocol.http.HttpURLConnection.getInputStream0(Unknown Source)
	at sun.net.www.protocol.http.HttpURLConnection.getInputStream(Unknown Source)
	at java.net.HttpURLConnection.getResponseCode(Unknown Source)
	at sun.net.www.protocol.https.HttpsURLConnectionImpl.getResponseCode(Unknown Source)
	at fr.xephi.authme.service.GeoIpService.downloadDatabaseArchive(GeoIpService.java:191)
	at fr.xephi.authme.service.GeoIpService.downloadDatabaseArchive(GeoIpService.java:214)
	at fr.xephi.authme.service.GeoIpService.updateDatabase(GeoIpService.java:140)
	at org.bukkit.craftbukkit.v1_12_R1.scheduler.CraftTask.run(CraftTask.java:64)
	at org.bukkit.craftbukkit.v1_12_R1.scheduler.CraftAsyncTask.run(CraftAsyncTask.java:50)
	at com.destroystokyo.paper.ServerSchedulerReportingWrapper.run(ServerSchedulerReportingWrapper.java:22)
	at java.util.concurrent.ThreadPoolExecutor.runWorker(Unknown Source)
	at java.util.concurrent.ThreadPoolExecutor$Worker.run(Unknown Source)
	at java.lang.Thread.run(Unknown Source)

[08-02 22:46:55]: [FINE] UserNullified logged in!
[08-02 22:48:23]: [INFO] AuthMe 5.6.0-beta1-b2226 disabled!
[08-02 22:48:25]: [INFO] SQLite Setup finished
[08-02 22:48:25]: [INFO] No supported permissions system found! Permissions are disabled!
[08-02 22:48:25]: [WARN] WARNING! The protectInventory feature requires ProtocolLib! Disabling it...
[08-02 22:48:25]: [INFO] AuthMe 5.6.0-beta1 build n.2226 correctly enabled!
[08-02 22:48:27]: [INFO] Downloading GEO IP database, because the old database is older than 30 days or doesn't exist
[08-02 22:48:27]: [WARN] Could not download GeoLiteAPI database [UnknownHostException]: geolite.maxmind.com
[08-02 22:48:27]: java.net.UnknownHostException: geolite.maxmind.com
	at java.net.AbstractPlainSocketImpl.connect(Unknown Source)
	at java.net.PlainSocketImpl.connect(Unknown Source)
	at java.net.SocksSocketImpl.connect(Unknown Source)
	at java.net.Socket.connect(Unknown Source)
	at sun.security.ssl.SSLSocketImpl.connect(Unknown Source)
	at sun.security.ssl.BaseSSLSocketImpl.connect(Unknown Source)
	at sun.net.NetworkClient.doConnect(Unknown Source)
	at sun.net.www.http.HttpClient.openServer(Unknown Source)
	at sun.net.www.http.HttpClient.openServer(Unknown Source)
	at sun.net.www.protocol.https.HttpsClient.<init>(Unknown Source)
	at sun.net.www.protocol.https.HttpsClient.New(Unknown Source)
	at sun.net.www.protocol.https.AbstractDelegateHttpsURLConnection.getNewHttpClient(Unknown Source)
	at sun.net.www.protocol.http.HttpURLConnection.plainConnect0(Unknown Source)
	at sun.net.www.protocol.http.HttpURLConnection.plainConnect(Unknown Source)
	at sun.net.www.protocol.https.AbstractDelegateHttpsURLConnection.connect(Unknown Source)
	at sun.net.www.protocol.http.HttpURLConnection.getInputStream0(Unknown Source)
	at sun.net.www.protocol.http.HttpURLConnection.getInputStream(Unknown Source)
	at java.net.HttpURLConnection.getResponseCode(Unknown Source)
	at sun.net.www.protocol.https.HttpsURLConnectionImpl.getResponseCode(Unknown Source)
	at fr.xephi.authme.service.GeoIpService.downloadDatabaseArchive(GeoIpService.java:191)
	at fr.xephi.authme.service.GeoIpService.downloadDatabaseArchive(GeoIpService.java:214)
	at fr.xephi.authme.service.GeoIpService.updateDatabase(GeoIpService.java:140)
	at org.bukkit.craftbukkit.v1_12_R1.scheduler.CraftTask.run(CraftTask.java:64)
	at org.bukkit.craftbukkit.v1_12_R1.scheduler.CraftAsyncTask.run(CraftAsyncTask.java:50)
	at com.destroystokyo.paper.ServerSchedulerReportingWrapper.run(ServerSchedulerReportingWrapper.java:22)
	at java.util.concurrent.ThreadPoolExecutor.runWorker(Unknown Source)
	at java.util.concurrent.ThreadPoolExecutor$Worker.run(Unknown Source)
	at java.lang.Thread.run(Unknown Source)

[08-02 22:48:27]: [FINE] UserNullified logged in!
[08-02 22:49:09]: [INFO] AuthMe 5.6.0-beta1-b2226 disabled!
[08-02 22:49:11]: [INFO] SQLite Setup finished
[08-02 22:49:11]: [INFO] No supported permissions system found! Permissions are disabled!
[08-02 22:49:11]: [WARN] WARNING! The protectInventory feature requires ProtocolLib! Disabling it...
[08-02 22:49:11]: [INFO] AuthMe 5.6.0-beta1 build n.2226 correctly enabled!
[08-02 22:49:13]: [INFO] Downloading GEO IP database, because the old database is older than 30 days or doesn't exist
[08-02 22:49:13]: [WARN] Could not download GeoLiteAPI database [UnknownHostException]: geolite.maxmind.com
[08-02 22:49:13]: java.net.UnknownHostException: geolite.maxmind.com
	at java.net.AbstractPlainSocketImpl.connect(Unknown Source)
	at java.net.PlainSocketImpl.connect(Unknown Source)
	at java.net.SocksSocketImpl.connect(Unknown Source)
	at java.net.Socket.connect(Unknown Source)
	at sun.security.ssl.SSLSocketImpl.connect(Unknown Source)
	at sun.security.ssl.BaseSSLSocketImpl.connect(Unknown Source)
	at sun.net.NetworkClient.doConnect(Unknown Source)
	at sun.net.www.http.HttpClient.openServer(Unknown Source)
	at sun.net.www.http.HttpClient.openServer(Unknown Source)
	at sun.net.www.protocol.https.HttpsClient.<init>(Unknown Source)
	at sun.net.www.protocol.https.HttpsClient.New(Unknown Source)
	at sun.net.www.protocol.https.AbstractDelegateHttpsURLConnection.getNewHttpClient(Unknown Source)
	at sun.net.www.protocol.http.HttpURLConnection.plainConnect0(Unknown Source)
	at sun.net.www.protocol.http.HttpURLConnection.plainConnect(Unknown Source)
	at sun.net.www.protocol.https.AbstractDelegateHttpsURLConnection.connect(Unknown Source)
	at sun.net.www.protocol.http.HttpURLConnection.getInputStream0(Unknown Source)
	at sun.net.www.protocol.http.HttpURLConnection.getInputStream(Unknown Source)
	at java.net.HttpURLConnection.getResponseCode(Unknown Source)
	at sun.net.www.protocol.https.HttpsURLConnectionImpl.getResponseCode(Unknown Source)
	at fr.xephi.authme.service.GeoIpService.downloadDatabaseArchive(GeoIpService.java:191)
	at fr.xephi.authme.service.GeoIpService.downloadDatabaseArchive(GeoIpService.java:214)
	at fr.xephi.authme.service.GeoIpService.updateDatabase(GeoIpService.java:140)
	at org.bukkit.craftbukkit.v1_12_R1.scheduler.CraftTask.run(CraftTask.java:64)
	at org.bukkit.craftbukkit.v1_12_R1.scheduler.CraftAsyncTask.run(CraftAsyncTask.java:50)
	at com.destroystokyo.paper.ServerSchedulerReportingWrapper.run(ServerSchedulerReportingWrapper.java:22)
	at java.util.concurrent.ThreadPoolExecutor.runWorker(Unknown Source)
	at java.util.concurrent.ThreadPoolExecutor$Worker.run(Unknown Source)
	at java.lang.Thread.run(Unknown Source)

[08-02 22:49:13]: [FINE] UserNullified logged in!
[08-02 22:54:55]: [INFO] AuthMe 5.6.0-beta1-b2226 disabled!
[08-02 23:04:47]: [INFO] SQLite Setup finished
[08-02 23:04:48]: [INFO] No supported permissions system found! Permissions are disabled!
[08-02 23:04:48]: [WARN] WARNING! The protectInventory feature requires ProtocolLib! Disabling it...
[08-02 23:04:48]: [INFO] AuthMe 5.6.0-beta1 build n.2226 correctly enabled!
[08-02 23:04:53]: [INFO] Downloading GEO IP database, because the old database is older than 30 days or doesn't exist
[08-02 23:04:53]: [WARN] Could not download GeoLiteAPI database [UnknownHostException]: geolite.maxmind.com
[08-02 23:04:53]: java.net.UnknownHostException: geolite.maxmind.com
	at java.net.AbstractPlainSocketImpl.connect(Unknown Source)
	at java.net.PlainSocketImpl.connect(Unknown Source)
	at java.net.SocksSocketImpl.connect(Unknown Source)
	at java.net.Socket.connect(Unknown Source)
	at sun.security.ssl.SSLSocketImpl.connect(Unknown Source)
	at sun.security.ssl.BaseSSLSocketImpl.connect(Unknown Source)
	at sun.net.NetworkClient.doConnect(Unknown Source)
	at sun.net.www.http.HttpClient.openServer(Unknown Source)
	at sun.net.www.http.HttpClient.openServer(Unknown Source)
	at sun.net.www.protocol.https.HttpsClient.<init>(Unknown Source)
	at sun.net.www.protocol.https.HttpsClient.New(Unknown Source)
	at sun.net.www.protocol.https.AbstractDelegateHttpsURLConnection.getNewHttpClient(Unknown Source)
	at sun.net.www.protocol.http.HttpURLConnection.plainConnect0(Unknown Source)
	at sun.net.www.protocol.http.HttpURLConnection.plainConnect(Unknown Source)
	at sun.net.www.protocol.https.AbstractDelegateHttpsURLConnection.connect(Unknown Source)
	at sun.net.www.protocol.http.HttpURLConnection.getInputStream0(Unknown Source)
	at sun.net.www.protocol.http.HttpURLConnection.getInputStream(Unknown Source)
	at java.net.HttpURLConnection.getResponseCode(Unknown Source)
	at sun.net.www.protocol.https.HttpsURLConnectionImpl.getResponseCode(Unknown Source)
	at fr.xephi.authme.service.GeoIpService.downloadDatabaseArchive(GeoIpService.java:191)
	at fr.xephi.authme.service.GeoIpService.downloadDatabaseArchive(GeoIpService.java:214)
	at fr.xephi.authme.service.GeoIpService.updateDatabase(GeoIpService.java:140)
	at org.bukkit.craftbukkit.v1_12_R1.scheduler.CraftTask.run(CraftTask.java:64)
	at org.bukkit.craftbukkit.v1_12_R1.scheduler.CraftAsyncTask.run(CraftAsyncTask.java:50)
	at com.destroystokyo.paper.ServerSchedulerReportingWrapper.run(ServerSchedulerReportingWrapper.java:22)
	at java.util.concurrent.ThreadPoolExecutor.runWorker(Unknown Source)
	at java.util.concurrent.ThreadPoolExecutor$Worker.run(Unknown Source)
	at java.lang.Thread.run(Unknown Source)

[08-02 23:05:28]: [INFO] AuthMe 5.6.0-beta1-b2226 disabled!
[08-02 23:18:18]: [INFO] SQLite Setup finished
[08-02 23:18:18]: [INFO] No supported permissions system found! Permissions are disabled!
[08-02 23:18:18]: [WARN] WARNING! The protectInventory feature requires ProtocolLib! Disabling it...
[08-02 23:18:19]: [INFO] AuthMe 5.6.0-beta1 build n.2226 correctly enabled!
[08-02 23:18:23]: [INFO] Downloading GEO IP database, because the old database is older than 30 days or doesn't exist
[08-02 23:18:23]: [WARN] Could not download GeoLiteAPI database [UnknownHostException]: geolite.maxmind.com
[08-02 23:18:23]: java.net.UnknownHostException: geolite.maxmind.com
	at java.net.AbstractPlainSocketImpl.connect(Unknown Source)
	at java.net.PlainSocketImpl.connect(Unknown Source)
	at java.net.SocksSocketImpl.connect(Unknown Source)
	at java.net.Socket.connect(Unknown Source)
	at sun.security.ssl.SSLSocketImpl.connect(Unknown Source)
	at sun.security.ssl.BaseSSLSocketImpl.connect(Unknown Source)
	at sun.net.NetworkClient.doConnect(Unknown Source)
	at sun.net.www.http.HttpClient.openServer(Unknown Source)
	at sun.net.www.http.HttpClient.openServer(Unknown Source)
	at sun.net.www.protocol.https.HttpsClient.<init>(Unknown Source)
	at sun.net.www.protocol.https.HttpsClient.New(Unknown Source)
	at sun.net.www.protocol.https.AbstractDelegateHttpsURLConnection.getNewHttpClient(Unknown Source)
	at sun.net.www.protocol.http.HttpURLConnection.plainConnect0(Unknown Source)
	at sun.net.www.protocol.http.HttpURLConnection.plainConnect(Unknown Source)
	at sun.net.www.protocol.https.AbstractDelegateHttpsURLConnection.connect(Unknown Source)
	at sun.net.www.protocol.http.HttpURLConnection.getInputStream0(Unknown Source)
	at sun.net.www.protocol.http.HttpURLConnection.getInputStream(Unknown Source)
	at java.net.HttpURLConnection.getResponseCode(Unknown Source)
	at sun.net.www.protocol.https.HttpsURLConnectionImpl.getResponseCode(Unknown Source)
	at fr.xephi.authme.service.GeoIpService.downloadDatabaseArchive(GeoIpService.java:191)
	at fr.xephi.authme.service.GeoIpService.downloadDatabaseArchive(GeoIpService.java:214)
	at fr.xephi.authme.service.GeoIpService.updateDatabase(GeoIpService.java:140)
	at org.bukkit.craftbukkit.v1_12_R1.scheduler.CraftTask.run(CraftTask.java:64)
	at org.bukkit.craftbukkit.v1_12_R1.scheduler.CraftAsyncTask.run(CraftAsyncTask.java:50)
	at com.destroystokyo.paper.ServerSchedulerReportingWrapper.run(ServerSchedulerReportingWrapper.java:22)
	at java.util.concurrent.ThreadPoolExecutor.runWorker(Unknown Source)
	at java.util.concurrent.ThreadPoolExecutor$Worker.run(Unknown Source)
	at java.lang.Thread.run(Unknown Source)

[08-02 23:28:17]: [FINE] UserNullified logged in!
[08-02 23:32:31]: [INFO] AuthMe 5.6.0-beta1-b2226 disabled!
[08-03 23:34:56]: [INFO] SQLite Setup finished
[08-03 23:34:56]: [INFO] No supported permissions system found! Permissions are disabled!
[08-03 23:34:56]: [WARN] WARNING! The protectInventory feature requires ProtocolLib! Disabling it...
[08-03 23:34:57]: [INFO] AuthMe 5.6.0-beta1 build n.2226 correctly enabled!
[08-03 23:35:01]: [INFO] Downloading GEO IP database, because the old database is older than 30 days or doesn't exist
[08-03 23:35:01]: [WARN] Could not download GeoLiteAPI database [UnknownHostException]: geolite.maxmind.com
[08-03 23:35:01]: java.net.UnknownHostException: geolite.maxmind.com
	at java.net.AbstractPlainSocketImpl.connect(Unknown Source)
	at java.net.PlainSocketImpl.connect(Unknown Source)
	at java.net.SocksSocketImpl.connect(Unknown Source)
	at java.net.Socket.connect(Unknown Source)
	at sun.security.ssl.SSLSocketImpl.connect(Unknown Source)
	at sun.security.ssl.BaseSSLSocketImpl.connect(Unknown Source)
	at sun.net.NetworkClient.doConnect(Unknown Source)
	at sun.net.www.http.HttpClient.openServer(Unknown Source)
	at sun.net.www.http.HttpClient.openServer(Unknown Source)
	at sun.net.www.protocol.https.HttpsClient.<init>(Unknown Source)
	at sun.net.www.protocol.https.HttpsClient.New(Unknown Source)
	at sun.net.www.protocol.https.AbstractDelegateHttpsURLConnection.getNewHttpClient(Unknown Source)
	at sun.net.www.protocol.http.HttpURLConnection.plainConnect0(Unknown Source)
	at sun.net.www.protocol.http.HttpURLConnection.plainConnect(Unknown Source)
	at sun.net.www.protocol.https.AbstractDelegateHttpsURLConnection.connect(Unknown Source)
	at sun.net.www.protocol.http.HttpURLConnection.getInputStream0(Unknown Source)
	at sun.net.www.protocol.http.HttpURLConnection.getInputStream(Unknown Source)
	at java.net.HttpURLConnection.getResponseCode(Unknown Source)
	at sun.net.www.protocol.https.HttpsURLConnectionImpl.getResponseCode(Unknown Source)
	at fr.xephi.authme.service.GeoIpService.downloadDatabaseArchive(GeoIpService.java:191)
	at fr.xephi.authme.service.GeoIpService.downloadDatabaseArchive(GeoIpService.java:214)
	at fr.xephi.authme.service.GeoIpService.updateDatabase(GeoIpService.java:140)
	at org.bukkit.craftbukkit.v1_12_R1.scheduler.CraftTask.run(CraftTask.java:64)
	at org.bukkit.craftbukkit.v1_12_R1.scheduler.CraftAsyncTask.run(CraftAsyncTask.java:50)
	at com.destroystokyo.paper.ServerSchedulerReportingWrapper.run(ServerSchedulerReportingWrapper.java:22)
	at java.util.concurrent.ThreadPoolExecutor.runWorker(Unknown Source)
	at java.util.concurrent.ThreadPoolExecutor$Worker.run(Unknown Source)
	at java.lang.Thread.run(Unknown Source)

